#
# There is insufficient memory for the Java Runtime Environment to continue.
# Native memory allocation (malloc) failed to allocate 1837776 bytes for Chunk::new
# Possible reasons:
#   The system is out of physical RAM or swap space
#   The process is running with CompressedOops enabled, and the Java Heap may be blocking the growth of the native heap
# Possible solutions:
#   Reduce memory load on the system
#   Increase physical memory or swap space
#   Check if swap backing store is full
#   Decrease Java heap size (-Xmx/-Xms)
#   Decrease number of Java threads
#   Decrease Java thread stack sizes (-Xss)
#   Set larger code cache with -XX:ReservedCodeCacheSize=
#   JVM is running with Unscaled Compressed Oops mode in which the Java heap is
#     placed in the first 4GB address space. The Java Heap base address is the
#     maximum limit for the native heap growth. Please use -XX:HeapBaseMinAddress
#     to set the Java Heap base and to place the Java Heap above 4GB virtual address.
# This output file may be truncated or incomplete.
#
#  Out of Memory Error (./src/hotspot/share/memory/arena.cpp:197), pid=1788, tid=12460
#
# JRE version: OpenJDK Runtime Environment (11.0.12+7) (build 11.0.12+7-b1504.28-7817840)
# Java VM: OpenJDK 64-Bit Server VM (11.0.12+7-b1504.28-7817840, mixed mode, tiered, compressed oops, g1 gc, windows-amd64)
# No core dump will be written. Minidumps are not enabled by default on client versions of Windows
#

---------------  S U M M A R Y ------------

Command Line: --add-opens=java.base/java.util=ALL-UNNAMED --add-opens=java.base/java.lang=ALL-UNNAMED --add-opens=java.base/java.lang.invoke=ALL-UNNAMED --add-opens=java.base/java.util=ALL-UNNAMED --add-opens=java.prefs/java.util.prefs=ALL-UNNAMED --add-opens=java.prefs/java.util.prefs=ALL-UNNAMED --add-opens=java.base/java.nio.charset=ALL-UNNAMED --add-opens=java.base/java.net=ALL-UNNAMED --add-opens=java.base/java.util.concurrent.atomic=ALL-UNNAMED -Xmx1536M -Dfile.encoding=windows-1252 -Duser.country=US -Duser.language=en -Duser.variant org.gradle.launcher.daemon.bootstrap.GradleDaemon 7.4

Host: Intel(R) Core(TM) i3-5005U CPU @ 2.00GHz, 4 cores, 11G,  Windows 10 , 64 bit Build 19041 (10.0.19041.2251)
Time: Wed Nov 23 14:24:38 2022 India Standard Time elapsed time: 141.350707 seconds (0d 0h 2m 21s)

---------------  T H R E A D  ---------------

Current thread (0x00000184ae603800):  JavaThread "C2 CompilerThread0" daemon [_thread_in_native, id=12460, stack(0x00000010f3100000,0x00000010f3200000)]


Current CompileTask:
C2: 141350 11611       4       javax.management.ObjectName::construct (1135 bytes)

Stack: [0x00000010f3100000,0x00000010f3200000]
Native frames: (J=compiled Java code, j=interpreted, Vv=VM code, C=native code)
V  [jvm.dll+0x5fbcea]
V  [jvm.dll+0x731905]
V  [jvm.dll+0x732f1d]
V  [jvm.dll+0x7335d3]
V  [jvm.dll+0x247bf8]
V  [jvm.dll+0xc018c]
V  [jvm.dll+0xc06cc]
V  [jvm.dll+0x35b2db]
V  [jvm.dll+0x328803]
V  [jvm.dll+0x327cfa]
V  [jvm.dll+0x200602]
V  [jvm.dll+0x1ff794]
V  [jvm.dll+0x18868c]
V  [jvm.dll+0x20e0d7]
V  [jvm.dll+0x20c901]
V  [jvm.dll+0x6f9b7f]
V  [jvm.dll+0x6f26a5]
V  [jvm.dll+0x5fabf6]
C  [ucrtbase.dll+0x21bb2]
C  [KERNEL32.DLL+0x174b4]
C  [ntdll.dll+0x526a1]


---------------  P R O C E S S  ---------------

Threads class SMR info:
_java_thread_list=0x00000184b93e0150, length=87, elements={
0x000001849546d000, 0x00000184adda3000, 0x00000184adda4000, 0x00000184ae5fc800,
0x00000184ae5fd800, 0x00000184ae5fe800, 0x00000184ae603800, 0x00000184ae605000,
0x00000184addac000, 0x00000184ae75d000, 0x00000184afdc2000, 0x00000184af563000,
0x00000184b0062800, 0x00000184af6cc000, 0x00000184aee3a000, 0x00000184aee1c000,
0x00000184af9ea000, 0x00000184b139f800, 0x00000184b059d800, 0x00000184b062b800,
0x00000184b0626800, 0x00000184b062a800, 0x00000184b0626000, 0x00000184b062c800,
0x00000184b0627800, 0x00000184b0628000, 0x00000184b0629000, 0x00000184b062a000,
0x00000184b07ec000, 0x00000184b07e7000, 0x00000184b07e9800, 0x00000184b07e8000,
0x00000184b07ed000, 0x00000184b07e9000, 0x00000184b07ef800, 0x00000184b07f0000,
0x00000184b07ea800, 0x00000184b07f1000, 0x00000184b07eb800, 0x00000184b07f2000,
0x00000184b07f2800, 0x00000184b07f3800, 0x00000184b07f4800, 0x00000184b07f5000,
0x00000184b07f6000, 0x00000184b22be800, 0x00000184b22bb000, 0x00000184b22bf000,
0x00000184b22bc800, 0x00000184b22c0000, 0x00000184b22bc000, 0x00000184b22ba800,
0x00000184b22c1000, 0x00000184b22c1800, 0x00000184b22c2800, 0x00000184b22c3800,
0x00000184b22bd800, 0x00000184b22c6800, 0x00000184b22c5000, 0x00000184b22c4000,
0x00000184b22c5800, 0x00000184b22c7800, 0x00000184b22c9000, 0x00000184b22c8000,
0x00000184b1a76800, 0x00000184b1a79000, 0x00000184b1a78000, 0x00000184b1a7a800,
0x00000184b1a77800, 0x00000184b1a7a000, 0x00000184b1a7b800, 0x00000184b1a75800,
0x00000184b1a7d000, 0x00000184b1a7c000, 0x00000184b1a7e800, 0x00000184b1a83800,
0x00000184b1a81000, 0x00000184b1a7e000, 0x00000184b1a84800, 0x00000184b1a7f800,
0x00000184b439e000, 0x00000184b43a0800, 0x00000184b439f000, 0x00000184b43a0000,
0x00000184b43a1800, 0x00000184b43a2800, 0x00000184b439c800
}

Java Threads: ( => current thread )
  0x000001849546d000 JavaThread "main" [_thread_blocked, id=3220, stack(0x00000010f2500000,0x00000010f2600000)]
  0x00000184adda3000 JavaThread "Reference Handler" daemon [_thread_blocked, id=12236, stack(0x00000010f2c00000,0x00000010f2d00000)]
  0x00000184adda4000 JavaThread "Finalizer" daemon [_thread_blocked, id=9292, stack(0x00000010f2d00000,0x00000010f2e00000)]
  0x00000184ae5fc800 JavaThread "Signal Dispatcher" daemon [_thread_blocked, id=4356, stack(0x00000010f2e00000,0x00000010f2f00000)]
  0x00000184ae5fd800 JavaThread "Attach Listener" daemon [_thread_blocked, id=12512, stack(0x00000010f2f00000,0x00000010f3000000)]
  0x00000184ae5fe800 JavaThread "Service Thread" daemon [_thread_blocked, id=1704, stack(0x00000010f3000000,0x00000010f3100000)]
=>0x00000184ae603800 JavaThread "C2 CompilerThread0" daemon [_thread_in_native, id=12460, stack(0x00000010f3100000,0x00000010f3200000)]
  0x00000184ae605000 JavaThread "C1 CompilerThread0" daemon [_thread_blocked, id=8488, stack(0x00000010f3200000,0x00000010f3300000)]
  0x00000184addac000 JavaThread "Sweeper thread" daemon [_thread_blocked, id=5344, stack(0x00000010f3300000,0x00000010f3400000)]
  0x00000184ae75d000 JavaThread "Common-Cleaner" daemon [_thread_blocked, id=3020, stack(0x00000010f3400000,0x00000010f3500000)]
  0x00000184afdc2000 JavaThread "Daemon health stats" [_thread_blocked, id=7208, stack(0x00000010f3a00000,0x00000010f3b00000)]
  0x00000184af563000 JavaThread "Incoming local TCP Connector on port 57681" [_thread_in_native, id=7472, stack(0x00000010f3900000,0x00000010f3a00000)]
  0x00000184b0062800 JavaThread "Daemon periodic checks" [_thread_blocked, id=8660, stack(0x00000010f3b00000,0x00000010f3c00000)]
  0x00000184af6cc000 JavaThread "Daemon" [_thread_blocked, id=6688, stack(0x00000010f3c00000,0x00000010f3d00000)]
  0x00000184aee3a000 JavaThread "Handler for socket connection from /127.0.0.1:57681 to /127.0.0.1:57682" [_thread_in_native, id=7364, stack(0x00000010f3d00000,0x00000010f3e00000)]
  0x00000184aee1c000 JavaThread "Cancel handler" [_thread_blocked, id=14240, stack(0x00000010f3e00000,0x00000010f3f00000)]
  0x00000184af9ea000 JavaThread "Daemon worker" [_thread_blocked, id=7044, stack(0x00000010f3f00000,0x00000010f4000000)]
  0x00000184b139f800 JavaThread "Asynchronous log dispatcher for DefaultDaemonConnection: socket connection from /127.0.0.1:57681 to /127.0.0.1:57682" [_thread_blocked, id=1940, stack(0x00000010f4000000,0x00000010f4100000)]
  0x00000184b059d800 JavaThread "Stdin handler" [_thread_blocked, id=13536, stack(0x00000010f4100000,0x00000010f4200000)]
  0x00000184b062b800 JavaThread "Daemon client event forwarder" [_thread_blocked, id=9128, stack(0x00000010f4200000,0x00000010f4300000)]
  0x00000184b0626800 JavaThread "Cache worker for journal cache (C:\Users\praty\.gradle\caches\journal-1)" [_thread_blocked, id=10128, stack(0x00000010f4300000,0x00000010f4400000)]
  0x00000184b062a800 JavaThread "File lock request listener" [_thread_in_native, id=7704, stack(0x00000010f4400000,0x00000010f4500000)]
  0x00000184b0626000 JavaThread "Cache worker for file hash cache (C:\Users\praty\.gradle\caches\7.4\fileHashes)" [_thread_blocked, id=9204, stack(0x00000010f4500000,0x00000010f4600000)]
  0x00000184b062c800 JavaThread "File watcher server" daemon [_thread_in_native, id=460, stack(0x00000010f4600000,0x00000010f4700000)]
  0x00000184b0627800 JavaThread "File watcher consumer" daemon [_thread_blocked, id=6580, stack(0x00000010f4700000,0x00000010f4800000)]
  0x00000184b0628000 JavaThread "Cache worker for checksums cache (C:\Users\praty\Desktop\ZAP_Assingment\assingment\android\.gradle\7.4\checksums)" [_thread_blocked, id=4544, stack(0x00000010f4800000,0x00000010f4900000)]
  0x00000184b0629000 JavaThread "Cache worker for cache directory md-rule (C:\Users\praty\.gradle\caches\7.4\md-rule)" [_thread_blocked, id=4432, stack(0x00000010f4900000,0x00000010f4a00000)]
  0x00000184b062a000 JavaThread "Cache worker for file hash cache (C:\Users\praty\Desktop\ZAP_Assingment\assingment\android\.gradle\7.4\fileHashes)" [_thread_blocked, id=8188, stack(0x00000010f4b00000,0x00000010f4c00000)]
  0x00000184b07ec000 JavaThread "Cache worker for cache directory md-supplier (C:\Users\praty\.gradle\caches\7.4\md-supplier)" [_thread_blocked, id=6668, stack(0x00000010f4c00000,0x00000010f4d00000)]
  0x00000184b07e7000 JavaThread "Cache worker for execution history cache (C:\Users\praty\.gradle\caches\7.4\executionHistory)" [_thread_blocked, id=5408, stack(0x00000010f4d00000,0x00000010f4e00000)]
  0x00000184b07e9800 JavaThread "jar transforms" [_thread_blocked, id=7152, stack(0x00000010f4a00000,0x00000010f4b00000)]
  0x00000184b07e8000 JavaThread "jar transforms Thread 2" [_thread_blocked, id=6236, stack(0x00000010f4e00000,0x00000010f4f00000)]
  0x00000184b07ed000 JavaThread "Cache worker for file content cache (C:\Users\praty\.gradle\caches\7.4\fileContent)" [_thread_blocked, id=8168, stack(0x00000010f4f00000,0x00000010f5000000)]
  0x00000184b07e9000 JavaThread "jar transforms Thread 3" [_thread_blocked, id=7932, stack(0x00000010f5000000,0x00000010f5100000)]
  0x00000184b07ef800 JavaThread "jar transforms Thread 4" [_thread_blocked, id=9136, stack(0x00000010f5100000,0x00000010f5200000)]
  0x00000184b07f0000 JavaThread "Cache worker for dependencies-accessors (C:\Users\praty\Desktop\ZAP_Assingment\assingment\android\.gradle\7.4\dependencies-accessors)" [_thread_blocked, id=368, stack(0x00000010f5300000,0x00000010f5400000)]
  0x00000184b07ea800 JavaThread "Cache worker for Build Output Cleanup Cache (C:\Users\praty\Desktop\ZAP_Assingment\assingment\android\.gradle\buildOutputCleanup)" [_thread_blocked, id=7484, stack(0x00000010f5200000,0x00000010f5300000)]
  0x00000184b07f1000 JavaThread "Unconstrained build operations" [_thread_blocked, id=9164, stack(0x00000010f5400000,0x00000010f5500000)]
  0x00000184b07eb800 JavaThread "Unconstrained build operations Thread 2" [_thread_blocked, id=13276, stack(0x00000010f5500000,0x00000010f5600000)]
  0x00000184b07f2000 JavaThread "Unconstrained build operations Thread 3" [_thread_blocked, id=7376, stack(0x00000010f5600000,0x00000010f5700000)]
  0x00000184b07f2800 JavaThread "Unconstrained build operations Thread 4" [_thread_blocked, id=10888, stack(0x00000010f5700000,0x00000010f5800000)]
  0x00000184b07f3800 JavaThread "Unconstrained build operations Thread 5" [_thread_blocked, id=3340, stack(0x00000010f5800000,0x00000010f5900000)]
  0x00000184b07f4800 JavaThread "Unconstrained build operations Thread 6" [_thread_blocked, id=7216, stack(0x00000010f5900000,0x00000010f5a00000)]
  0x00000184b07f5000 JavaThread "Unconstrained build operations Thread 7" [_thread_blocked, id=12464, stack(0x00000010f5a00000,0x00000010f5b00000)]
  0x00000184b07f6000 JavaThread "Unconstrained build operations Thread 8" [_thread_blocked, id=5372, stack(0x00000010f5b00000,0x00000010f5c00000)]
  0x00000184b22be800 JavaThread "Unconstrained build operations Thread 9" [_thread_blocked, id=2452, stack(0x00000010f5c00000,0x00000010f5d00000)]
  0x00000184b22bb000 JavaThread "Unconstrained build operations Thread 10" [_thread_blocked, id=10848, stack(0x00000010f5d00000,0x00000010f5e00000)]
  0x00000184b22bf000 JavaThread "Unconstrained build operations Thread 11" [_thread_blocked, id=360, stack(0x00000010f5e00000,0x00000010f5f00000)]
  0x00000184b22bc800 JavaThread "Unconstrained build operations Thread 12" [_thread_blocked, id=6984, stack(0x00000010f5f00000,0x00000010f6000000)]
  0x00000184b22c0000 JavaThread "Unconstrained build operations Thread 13" [_thread_blocked, id=8320, stack(0x00000010f6000000,0x00000010f6100000)]
  0x00000184b22bc000 JavaThread "Unconstrained build operations Thread 14" [_thread_blocked, id=7136, stack(0x00000010f6100000,0x00000010f6200000)]
  0x00000184b22ba800 JavaThread "Unconstrained build operations Thread 15" [_thread_blocked, id=4328, stack(0x00000010f6200000,0x00000010f6300000)]
  0x00000184b22c1000 JavaThread "Unconstrained build operations Thread 16" [_thread_blocked, id=12740, stack(0x00000010f6300000,0x00000010f6400000)]
  0x00000184b22c1800 JavaThread "Unconstrained build operations Thread 17" [_thread_blocked, id=5804, stack(0x00000010f6400000,0x00000010f6500000)]
  0x00000184b22c2800 JavaThread "Unconstrained build operations Thread 18" [_thread_blocked, id=3368, stack(0x00000010f6500000,0x00000010f6600000)]
  0x00000184b22c3800 JavaThread "Unconstrained build operations Thread 19" [_thread_blocked, id=13140, stack(0x00000010f6600000,0x00000010f6700000)]
  0x00000184b22bd800 JavaThread "Unconstrained build operations Thread 20" [_thread_blocked, id=6996, stack(0x00000010f6700000,0x00000010f6800000)]
  0x00000184b22c6800 JavaThread "Unconstrained build operations Thread 21" [_thread_blocked, id=14076, stack(0x00000010f6800000,0x00000010f6900000)]
  0x00000184b22c5000 JavaThread "Unconstrained build operations Thread 22" [_thread_blocked, id=12852, stack(0x00000010f6900000,0x00000010f6a00000)]
  0x00000184b22c4000 JavaThread "Unconstrained build operations Thread 23" [_thread_blocked, id=8204, stack(0x00000010f6a00000,0x00000010f6b00000)]
  0x00000184b22c5800 JavaThread "Unconstrained build operations Thread 24" [_thread_blocked, id=3752, stack(0x00000010f6b00000,0x00000010f6c00000)]
  0x00000184b22c7800 JavaThread "Unconstrained build operations Thread 25" [_thread_blocked, id=4016, stack(0x00000010f6c00000,0x00000010f6d00000)]
  0x00000184b22c9000 JavaThread "Unconstrained build operations Thread 26" [_thread_blocked, id=11508, stack(0x00000010f6d00000,0x00000010f6e00000)]
  0x00000184b22c8000 JavaThread "Unconstrained build operations Thread 27" [_thread_blocked, id=10748, stack(0x00000010f6e00000,0x00000010f6f00000)]
  0x00000184b1a76800 JavaThread "Unconstrained build operations Thread 28" [_thread_blocked, id=11008, stack(0x00000010f6f00000,0x00000010f7000000)]
  0x00000184b1a79000 JavaThread "Unconstrained build operations Thread 29" [_thread_blocked, id=8496, stack(0x00000010f7000000,0x00000010f7100000)]
  0x00000184b1a78000 JavaThread "Unconstrained build operations Thread 30" [_thread_blocked, id=11632, stack(0x00000010f7100000,0x00000010f7200000)]
  0x00000184b1a7a800 JavaThread "Unconstrained build operations Thread 31" [_thread_blocked, id=8424, stack(0x00000010f7200000,0x00000010f7300000)]
  0x00000184b1a77800 JavaThread "Unconstrained build operations Thread 32" [_thread_blocked, id=10760, stack(0x00000010f7300000,0x00000010f7400000)]
  0x00000184b1a7a000 JavaThread "Unconstrained build operations Thread 33" [_thread_blocked, id=9584, stack(0x00000010f7400000,0x00000010f7500000)]
  0x00000184b1a7b800 JavaThread "Unconstrained build operations Thread 34" [_thread_blocked, id=5340, stack(0x00000010f7500000,0x00000010f7600000)]
  0x00000184b1a75800 JavaThread "Unconstrained build operations Thread 35" [_thread_blocked, id=12244, stack(0x00000010f7600000,0x00000010f7700000)]
  0x00000184b1a7d000 JavaThread "Unconstrained build operations Thread 36" [_thread_blocked, id=8244, stack(0x00000010f7700000,0x00000010f7800000)]
  0x00000184b1a7c000 JavaThread "Unconstrained build operations Thread 37" [_thread_blocked, id=5852, stack(0x00000010f7800000,0x00000010f7900000)]
  0x00000184b1a7e800 JavaThread "Unconstrained build operations Thread 38" [_thread_blocked, id=6684, stack(0x00000010f7900000,0x00000010f7a00000)]
  0x00000184b1a83800 JavaThread "Unconstrained build operations Thread 39" [_thread_blocked, id=372, stack(0x00000010f7a00000,0x00000010f7b00000)]
  0x00000184b1a81000 JavaThread "Unconstrained build operations Thread 40" [_thread_blocked, id=13596, stack(0x00000010f7b00000,0x00000010f7c00000)]
  0x00000184b1a7e000 JavaThread "Memory manager" [_thread_blocked, id=14188, stack(0x00000010f8000000,0x00000010f8100000)]
  0x00000184b1a84800 JavaThread "build event listener" [_thread_blocked, id=5396, stack(0x00000010f2300000,0x00000010f2400000)]
  0x00000184b1a7f800 JavaThread "included builds" [_thread_blocked, id=5828, stack(0x00000010f7f00000,0x00000010f8000000)]
  0x00000184b439e000 JavaThread "Execution worker for ':'" [_thread_blocked, id=7692, stack(0x00000010f8100000,0x00000010f8200000)]
  0x00000184b43a0800 JavaThread "Execution worker for ':' Thread 2" [_thread_blocked, id=5348, stack(0x00000010f8200000,0x00000010f8300000)]
  0x00000184b439f000 JavaThread "Execution worker for ':' Thread 3" [_thread_blocked, id=9248, stack(0x00000010f8300000,0x00000010f8400000)]
  0x00000184b43a0000 JavaThread "Cache worker for execution history cache (C:\Users\praty\Desktop\ZAP_Assingment\assingment\android\.gradle\7.4\executionHistory)" [_thread_blocked, id=6540, stack(0x00000010f8400000,0x00000010f8500000)]
  0x00000184b43a1800 JavaThread "Exec process" [_thread_in_native, id=11388, stack(0x00000010f2400000,0x00000010f2500000)]
  0x00000184b43a2800 JavaThread "Exec process Thread 2" [_thread_in_native, id=3288, stack(0x00000010f8500000,0x00000010f8600000)]
  0x00000184b439c800 JavaThread "Exec process Thread 3" [_thread_in_native, id=10524, stack(0x00000010f8600000,0x00000010f8700000)]

Other Threads:
  0x00000184add6c000 VMThread "VM Thread" [stack: 0x00000010f2b00000,0x00000010f2c00000] [id=3188]
  0x00000184ae792800 WatcherThread [stack: 0x00000010f3500000,0x00000010f3600000] [id=10084]
  0x0000018495486800 GCTaskThread "GC Thread#0" [stack: 0x00000010f2600000,0x00000010f2700000] [id=7268]
  0x00000184af19b000 GCTaskThread "GC Thread#1" [stack: 0x00000010f3600000,0x00000010f3700000] [id=4288]
  0x00000184aeb89800 GCTaskThread "GC Thread#2" [stack: 0x00000010f3700000,0x00000010f3800000] [id=8524]
  0x00000184aecda800 GCTaskThread "GC Thread#3" [stack: 0x00000010f3800000,0x00000010f3900000] [id=3864]
  0x00000184954af000 ConcurrentGCThread "G1 Main Marker" [stack: 0x00000010f2700000,0x00000010f2800000] [id=6584]
  0x00000184954b0800 ConcurrentGCThread "G1 Conc#0" [stack: 0x00000010f2800000,0x00000010f2900000] [id=4452]
  0x00000184adbd6800 ConcurrentGCThread "G1 Refine#0" [stack: 0x00000010f2900000,0x00000010f2a00000] [id=4484]
  0x00000184b4c47000 ConcurrentGCThread "G1 Refine#1" [stack: 0x00000010f7e00000,0x00000010f7f00000] [id=2756]
  0x00000184adbd7000 ConcurrentGCThread "G1 Young RemSet Sampling" [stack: 0x00000010f2a00000,0x00000010f2b00000] [id=11488]

Threads with active compile tasks:
C2 CompilerThread0 141870 11611       4       javax.management.ObjectName::construct (1135 bytes)

VM state:not at safepoint (normal execution)

VM Mutex/Monitor currently owned by a thread: None

Heap address: 0x00000000a0000000, size: 1536 MB, Compressed Oops mode: 32-bit
Narrow klass base: 0x0000000000000000, Narrow klass shift: 3
Compressed class space size: 1073741824 Address: 0x0000000100000000

Heap:
 garbage-first heap   total 196608K, used 149172K [0x00000000a0000000, 0x0000000100000000)
  region size 1024K, 29 young (29696K), 6 survivors (6144K)
 Metaspace       used 90861K, capacity 94504K, committed 94592K, reserved 1130496K
  class space    used 12006K, capacity 13158K, committed 13184K, reserved 1048576K
Heap Regions: E=young(eden), S=young(survivor), O=old, HS=humongous(starts), HC=humongous(continues), CS=collection set, F=free, A=archive, TAMS=top-at-mark-start (previous, next)
|   0|0x00000000a0000000, 0x00000000a0100000, 0x00000000a0100000|100%|HS|  |TAMS 0x00000000a0100000, 0x00000000a0000000| Complete 
|   1|0x00000000a0100000, 0x00000000a0200000, 0x00000000a0200000|100%|HC|  |TAMS 0x00000000a0200000, 0x00000000a0100000| Complete 
|   2|0x00000000a0200000, 0x00000000a0300000, 0x00000000a0300000|100%|HC|  |TAMS 0x00000000a0300000, 0x00000000a0200000| Complete 
|   3|0x00000000a0300000, 0x00000000a0400000, 0x00000000a0400000|100%| O|  |TAMS 0x00000000a0400000, 0x00000000a0300000| Untracked 
|   4|0x00000000a0400000, 0x00000000a0500000, 0x00000000a0500000|100%| O|  |TAMS 0x00000000a0500000, 0x00000000a0400000| Untracked 
|   5|0x00000000a0500000, 0x00000000a0600000, 0x00000000a0600000|100%| O|  |TAMS 0x00000000a0600000, 0x00000000a0500000| Untracked 
|   6|0x00000000a0600000, 0x00000000a0700000, 0x00000000a0700000|100%| O|  |TAMS 0x00000000a0700000, 0x00000000a0600000| Untracked 
|   7|0x00000000a0700000, 0x00000000a0800000, 0x00000000a0800000|100%| O|  |TAMS 0x00000000a0800000, 0x00000000a0700000| Untracked 
|   8|0x00000000a0800000, 0x00000000a0900000, 0x00000000a0900000|100%| O|  |TAMS 0x00000000a0900000, 0x00000000a0800000| Untracked 
|   9|0x00000000a0900000, 0x00000000a0a00000, 0x00000000a0a00000|100%| O|  |TAMS 0x00000000a0a00000, 0x00000000a0900000| Untracked 
|  10|0x00000000a0a00000, 0x00000000a0b00000, 0x00000000a0b00000|100%| O|  |TAMS 0x00000000a0b00000, 0x00000000a0a00000| Untracked 
|  11|0x00000000a0b00000, 0x00000000a0c00000, 0x00000000a0c00000|100%| O|  |TAMS 0x00000000a0c00000, 0x00000000a0b00000| Untracked 
|  12|0x00000000a0c00000, 0x00000000a0d00000, 0x00000000a0d00000|100%| O|  |TAMS 0x00000000a0d00000, 0x00000000a0c00000| Untracked 
|  13|0x00000000a0d00000, 0x00000000a0e00000, 0x00000000a0e00000|100%| O|  |TAMS 0x00000000a0e00000, 0x00000000a0d00000| Untracked 
|  14|0x00000000a0e00000, 0x00000000a0f00000, 0x00000000a0f00000|100%| O|  |TAMS 0x00000000a0f00000, 0x00000000a0e00000| Untracked 
|  15|0x00000000a0f00000, 0x00000000a1000000, 0x00000000a1000000|100%| O|  |TAMS 0x00000000a1000000, 0x00000000a0f00000| Untracked 
|  16|0x00000000a1000000, 0x00000000a1100000, 0x00000000a1100000|100%|HS|  |TAMS 0x00000000a1100000, 0x00000000a1000000| Complete 
|  17|0x00000000a1100000, 0x00000000a1200000, 0x00000000a1200000|100%|HS|  |TAMS 0x00000000a1200000, 0x00000000a1100000| Complete 
|  18|0x00000000a1200000, 0x00000000a1300000, 0x00000000a1300000|100%|HS|  |TAMS 0x00000000a1300000, 0x00000000a1200000| Complete 
|  19|0x00000000a1300000, 0x00000000a1400000, 0x00000000a1400000|100%|HS|  |TAMS 0x00000000a1400000, 0x00000000a1300000| Complete 
|  20|0x00000000a1400000, 0x00000000a1500000, 0x00000000a1500000|100%|HS|  |TAMS 0x00000000a1500000, 0x00000000a1400000| Complete 
|  21|0x00000000a1500000, 0x00000000a1600000, 0x00000000a1600000|100%|HC|  |TAMS 0x00000000a1600000, 0x00000000a1500000| Complete 
|  22|0x00000000a1600000, 0x00000000a1700000, 0x00000000a1700000|100%|HC|  |TAMS 0x00000000a1700000, 0x00000000a1600000| Complete 
|  23|0x00000000a1700000, 0x00000000a1800000, 0x00000000a1800000|100%|HS|  |TAMS 0x00000000a1800000, 0x00000000a1700000| Complete 
|  24|0x00000000a1800000, 0x00000000a1900000, 0x00000000a1900000|100%|HC|  |TAMS 0x00000000a1900000, 0x00000000a1800000| Complete 
|  25|0x00000000a1900000, 0x00000000a1a00000, 0x00000000a1a00000|100%| O|  |TAMS 0x00000000a1a00000, 0x00000000a1900000| Untracked 
|  26|0x00000000a1a00000, 0x00000000a1b00000, 0x00000000a1b00000|100%| O|  |TAMS 0x00000000a1b00000, 0x00000000a1a00000| Untracked 
|  27|0x00000000a1b00000, 0x00000000a1c00000, 0x00000000a1c00000|100%| O|  |TAMS 0x00000000a1c00000, 0x00000000a1b00000| Untracked 
|  28|0x00000000a1c00000, 0x00000000a1d00000, 0x00000000a1d00000|100%| O|  |TAMS 0x00000000a1d00000, 0x00000000a1c00000| Untracked 
|  29|0x00000000a1d00000, 0x00000000a1e00000, 0x00000000a1e00000|100%| O|  |TAMS 0x00000000a1e00000, 0x00000000a1d00000| Untracked 
|  30|0x00000000a1e00000, 0x00000000a1f00000, 0x00000000a1f00000|100%| O|  |TAMS 0x00000000a1f00000, 0x00000000a1e00000| Untracked 
|  31|0x00000000a1f00000, 0x00000000a2000000, 0x00000000a2000000|100%| O|  |TAMS 0x00000000a2000000, 0x00000000a1f00000| Untracked 
|  32|0x00000000a2000000, 0x00000000a2100000, 0x00000000a2100000|100%| O|  |TAMS 0x00000000a2100000, 0x00000000a2000000| Untracked 
|  33|0x00000000a2100000, 0x00000000a2200000, 0x00000000a2200000|100%| O|  |TAMS 0x00000000a2200000, 0x00000000a2100000| Untracked 
|  34|0x00000000a2200000, 0x00000000a2300000, 0x00000000a2300000|100%| O|  |TAMS 0x00000000a2300000, 0x00000000a2200000| Untracked 
|  35|0x00000000a2300000, 0x00000000a2400000, 0x00000000a2400000|100%| O|  |TAMS 0x00000000a2400000, 0x00000000a2300000| Untracked 
|  36|0x00000000a2400000, 0x00000000a2500000, 0x00000000a2500000|100%| O|  |TAMS 0x00000000a2500000, 0x00000000a2400000| Untracked 
|  37|0x00000000a2500000, 0x00000000a2600000, 0x00000000a2600000|100%| O|  |TAMS 0x00000000a2600000, 0x00000000a2500000| Untracked 
|  38|0x00000000a2600000, 0x00000000a2700000, 0x00000000a2700000|100%| O|  |TAMS 0x00000000a2700000, 0x00000000a2600000| Untracked 
|  39|0x00000000a2700000, 0x00000000a2800000, 0x00000000a2800000|100%| O|  |TAMS 0x00000000a2800000, 0x00000000a2700000| Untracked 
|  40|0x00000000a2800000, 0x00000000a2900000, 0x00000000a2900000|100%| O|  |TAMS 0x00000000a2900000, 0x00000000a2800000| Untracked 
|  41|0x00000000a2900000, 0x00000000a2a00000, 0x00000000a2a00000|100%| O|  |TAMS 0x00000000a2a00000, 0x00000000a2900000| Untracked 
|  42|0x00000000a2a00000, 0x00000000a2b00000, 0x00000000a2b00000|100%| O|  |TAMS 0x00000000a2b00000, 0x00000000a2a00000| Untracked 
|  43|0x00000000a2b00000, 0x00000000a2c00000, 0x00000000a2c00000|100%| O|  |TAMS 0x00000000a2c00000, 0x00000000a2b00000| Untracked 
|  44|0x00000000a2c00000, 0x00000000a2d00000, 0x00000000a2d00000|100%| O|  |TAMS 0x00000000a2d00000, 0x00000000a2c00000| Untracked 
|  45|0x00000000a2d00000, 0x00000000a2e00000, 0x00000000a2e00000|100%| O|  |TAMS 0x00000000a2e00000, 0x00000000a2d00000| Untracked 
|  46|0x00000000a2e00000, 0x00000000a2f00000, 0x00000000a2f00000|100%| O|  |TAMS 0x00000000a2f00000, 0x00000000a2e00000| Untracked 
|  47|0x00000000a2f00000, 0x00000000a3000000, 0x00000000a3000000|100%| O|  |TAMS 0x00000000a3000000, 0x00000000a2f00000| Untracked 
|  48|0x00000000a3000000, 0x00000000a3100000, 0x00000000a3100000|100%| O|  |TAMS 0x00000000a3100000, 0x00000000a3000000| Untracked 
|  49|0x00000000a3100000, 0x00000000a3200000, 0x00000000a3200000|100%| O|  |TAMS 0x00000000a3200000, 0x00000000a3100000| Untracked 
|  50|0x00000000a3200000, 0x00000000a3300000, 0x00000000a3300000|100%|HS|  |TAMS 0x00000000a3300000, 0x00000000a3200000| Complete 
|  51|0x00000000a3300000, 0x00000000a3400000, 0x00000000a3400000|100%|HS|  |TAMS 0x00000000a3400000, 0x00000000a3300000| Complete 
|  52|0x00000000a3400000, 0x00000000a3500000, 0x00000000a3500000|100%|HC|  |TAMS 0x00000000a3500000, 0x00000000a3400000| Complete 
|  53|0x00000000a3500000, 0x00000000a3600000, 0x00000000a3600000|100%| O|  |TAMS 0x00000000a3600000, 0x00000000a3500000| Untracked 
|  54|0x00000000a3600000, 0x00000000a3700000, 0x00000000a3700000|100%| O|  |TAMS 0x00000000a3700000, 0x00000000a3600000| Untracked 
|  55|0x00000000a3700000, 0x00000000a3800000, 0x00000000a3800000|100%| O|  |TAMS 0x00000000a3800000, 0x00000000a3700000| Untracked 
|  56|0x00000000a3800000, 0x00000000a3900000, 0x00000000a3900000|100%| O|  |TAMS 0x00000000a3900000, 0x00000000a3800000| Untracked 
|  57|0x00000000a3900000, 0x00000000a3a00000, 0x00000000a3a00000|100%| O|  |TAMS 0x00000000a3a00000, 0x00000000a3900000| Untracked 
|  58|0x00000000a3a00000, 0x00000000a3b00000, 0x00000000a3b00000|100%| O|  |TAMS 0x00000000a3b00000, 0x00000000a3a00000| Untracked 
|  59|0x00000000a3b00000, 0x00000000a3c00000, 0x00000000a3c00000|100%| O|  |TAMS 0x00000000a3c00000, 0x00000000a3b00000| Untracked 
|  60|0x00000000a3c00000, 0x00000000a3d00000, 0x00000000a3d00000|100%| O|  |TAMS 0x00000000a3d00000, 0x00000000a3c00000| Untracked 
|  61|0x00000000a3d00000, 0x00000000a3e00000, 0x00000000a3e00000|100%| O|  |TAMS 0x00000000a3e00000, 0x00000000a3d00000| Untracked 
|  62|0x00000000a3e00000, 0x00000000a3f00000, 0x00000000a3f00000|100%| O|  |TAMS 0x00000000a3f00000, 0x00000000a3e00000| Untracked 
|  63|0x00000000a3f00000, 0x00000000a4000000, 0x00000000a4000000|100%| O|  |TAMS 0x00000000a4000000, 0x00000000a3f00000| Untracked 
|  64|0x00000000a4000000, 0x00000000a4100000, 0x00000000a4100000|100%| O|  |TAMS 0x00000000a4100000, 0x00000000a4000000| Untracked 
|  65|0x00000000a4100000, 0x00000000a4200000, 0x00000000a4200000|100%| O|  |TAMS 0x00000000a4200000, 0x00000000a4100000| Untracked 
|  66|0x00000000a4200000, 0x00000000a4300000, 0x00000000a4300000|100%| O|  |TAMS 0x00000000a4300000, 0x00000000a4200000| Untracked 
|  67|0x00000000a4300000, 0x00000000a4400000, 0x00000000a4400000|100%| O|  |TAMS 0x00000000a4400000, 0x00000000a4300000| Untracked 
|  68|0x00000000a4400000, 0x00000000a4500000, 0x00000000a4500000|100%| O|  |TAMS 0x00000000a4500000, 0x00000000a4400000| Untracked 
|  69|0x00000000a4500000, 0x00000000a4600000, 0x00000000a4600000|100%|HS|  |TAMS 0x00000000a4600000, 0x00000000a4500000| Complete 
|  70|0x00000000a4600000, 0x00000000a4700000, 0x00000000a4700000|100%|HS|  |TAMS 0x00000000a4700000, 0x00000000a4600000| Complete 
|  71|0x00000000a4700000, 0x00000000a4800000, 0x00000000a4800000|100%| O|  |TAMS 0x00000000a4800000, 0x00000000a4700000| Untracked 
|  72|0x00000000a4800000, 0x00000000a4900000, 0x00000000a4900000|100%| O|  |TAMS 0x00000000a4900000, 0x00000000a4800000| Untracked 
|  73|0x00000000a4900000, 0x00000000a4a00000, 0x00000000a4a00000|100%| O|  |TAMS 0x00000000a4a00000, 0x00000000a4900000| Untracked 
|  74|0x00000000a4a00000, 0x00000000a4b00000, 0x00000000a4b00000|100%| O|  |TAMS 0x00000000a4b00000, 0x00000000a4a00000| Untracked 
|  75|0x00000000a4b00000, 0x00000000a4c00000, 0x00000000a4c00000|100%| O|  |TAMS 0x00000000a4c00000, 0x00000000a4b00000| Untracked 
|  76|0x00000000a4c00000, 0x00000000a4d00000, 0x00000000a4d00000|100%| O|  |TAMS 0x00000000a4d00000, 0x00000000a4c00000| Untracked 
|  77|0x00000000a4d00000, 0x00000000a4e00000, 0x00000000a4e00000|100%| O|  |TAMS 0x00000000a4e00000, 0x00000000a4d00000| Untracked 
|  78|0x00000000a4e00000, 0x00000000a4f00000, 0x00000000a4f00000|100%| O|  |TAMS 0x00000000a4f00000, 0x00000000a4e00000| Untracked 
|  79|0x00000000a4f00000, 0x00000000a5000000, 0x00000000a5000000|100%| O|  |TAMS 0x00000000a5000000, 0x00000000a4f00000| Untracked 
|  80|0x00000000a5000000, 0x00000000a5100000, 0x00000000a5100000|100%| O|  |TAMS 0x00000000a5100000, 0x00000000a5000000| Untracked 
|  81|0x00000000a5100000, 0x00000000a5200000, 0x00000000a5200000|100%| O|  |TAMS 0x00000000a5200000, 0x00000000a5100000| Untracked 
|  82|0x00000000a5200000, 0x00000000a5300000, 0x00000000a5300000|100%|HS|  |TAMS 0x00000000a5300000, 0x00000000a5200000| Complete 
|  83|0x00000000a5300000, 0x00000000a5400000, 0x00000000a5400000|100%|HS|  |TAMS 0x00000000a5400000, 0x00000000a5300000| Complete 
|  84|0x00000000a5400000, 0x00000000a5500000, 0x00000000a5500000|100%| O|  |TAMS 0x00000000a5500000, 0x00000000a5400000| Untracked 
|  85|0x00000000a5500000, 0x00000000a5600000, 0x00000000a5600000|100%| O|  |TAMS 0x00000000a5600000, 0x00000000a5500000| Untracked 
|  86|0x00000000a5600000, 0x00000000a5700000, 0x00000000a5700000|100%| O|  |TAMS 0x00000000a5700000, 0x00000000a5600000| Untracked 
|  87|0x00000000a5700000, 0x00000000a5800000, 0x00000000a5800000|100%| O|  |TAMS 0x00000000a5800000, 0x00000000a5700000| Untracked 
|  88|0x00000000a5800000, 0x00000000a5900000, 0x00000000a5900000|100%| O|  |TAMS 0x00000000a5900000, 0x00000000a5800000| Untracked 
|  89|0x00000000a5900000, 0x00000000a5a00000, 0x00000000a5a00000|100%| O|  |TAMS 0x00000000a5a00000, 0x00000000a5900000| Untracked 
|  90|0x00000000a5a00000, 0x00000000a5b00000, 0x00000000a5b00000|100%| O|  |TAMS 0x00000000a5b00000, 0x00000000a5a00000| Untracked 
|  91|0x00000000a5b00000, 0x00000000a5c00000, 0x00000000a5c00000|100%| O|  |TAMS 0x00000000a5c00000, 0x00000000a5b00000| Untracked 
|  92|0x00000000a5c00000, 0x00000000a5d00000, 0x00000000a5d00000|100%| O|  |TAMS 0x00000000a5d00000, 0x00000000a5c00000| Untracked 
|  93|0x00000000a5d00000, 0x00000000a5e00000, 0x00000000a5e00000|100%| O|  |TAMS 0x00000000a5e00000, 0x00000000a5d00000| Untracked 
|  94|0x00000000a5e00000, 0x00000000a5f00000, 0x00000000a5f00000|100%| O|  |TAMS 0x00000000a5f00000, 0x00000000a5e00000| Untracked 
|  95|0x00000000a5f00000, 0x00000000a6000000, 0x00000000a6000000|100%| O|  |TAMS 0x00000000a6000000, 0x00000000a5f00000| Untracked 
|  96|0x00000000a6000000, 0x00000000a6100000, 0x00000000a6100000|100%| O|  |TAMS 0x00000000a6100000, 0x00000000a6000000| Untracked 
|  97|0x00000000a6100000, 0x00000000a6200000, 0x00000000a6200000|100%| O|  |TAMS 0x00000000a6200000, 0x00000000a6100000| Untracked 
|  98|0x00000000a6200000, 0x00000000a6300000, 0x00000000a6300000|100%| O|  |TAMS 0x00000000a6300000, 0x00000000a6200000| Untracked 
|  99|0x00000000a6300000, 0x00000000a6400000, 0x00000000a6400000|100%| O|  |TAMS 0x00000000a6400000, 0x00000000a6300000| Untracked 
| 100|0x00000000a6400000, 0x00000000a6500000, 0x00000000a6500000|100%| O|  |TAMS 0x00000000a6500000, 0x00000000a6400000| Untracked 
| 101|0x00000000a6500000, 0x00000000a6600000, 0x00000000a6600000|100%| O|  |TAMS 0x00000000a6600000, 0x00000000a6500000| Untracked 
| 102|0x00000000a6600000, 0x00000000a6700000, 0x00000000a6700000|100%| O|  |TAMS 0x00000000a6700000, 0x00000000a6600000| Untracked 
| 103|0x00000000a6700000, 0x00000000a6800000, 0x00000000a6800000|100%| O|  |TAMS 0x00000000a6800000, 0x00000000a6700000| Untracked 
| 104|0x00000000a6800000, 0x00000000a6900000, 0x00000000a6900000|100%| O|  |TAMS 0x00000000a6900000, 0x00000000a6800000| Untracked 
| 105|0x00000000a6900000, 0x00000000a6a00000, 0x00000000a6a00000|100%| O|  |TAMS 0x00000000a6a00000, 0x00000000a6900000| Untracked 
| 106|0x00000000a6a00000, 0x00000000a6b00000, 0x00000000a6b00000|100%| O|  |TAMS 0x00000000a6b00000, 0x00000000a6a00000| Untracked 
| 107|0x00000000a6b00000, 0x00000000a6c00000, 0x00000000a6c00000|100%| O|  |TAMS 0x00000000a6c00000, 0x00000000a6b00000| Untracked 
| 108|0x00000000a6c00000, 0x00000000a6d00000, 0x00000000a6d00000|100%| O|  |TAMS 0x00000000a6d00000, 0x00000000a6c00000| Untracked 
| 109|0x00000000a6d00000, 0x00000000a6e00000, 0x00000000a6e00000|100%| O|  |TAMS 0x00000000a6e00000, 0x00000000a6d00000| Untracked 
| 110|0x00000000a6e00000, 0x00000000a6f00000, 0x00000000a6f00000|100%| O|  |TAMS 0x00000000a6f00000, 0x00000000a6e00000| Untracked 
| 111|0x00000000a6f00000, 0x00000000a7000000, 0x00000000a7000000|100%| O|  |TAMS 0x00000000a7000000, 0x00000000a6f00000| Untracked 
| 112|0x00000000a7000000, 0x00000000a7100000, 0x00000000a7100000|100%| O|  |TAMS 0x00000000a7100000, 0x00000000a7000000| Untracked 
| 113|0x00000000a7100000, 0x00000000a7200000, 0x00000000a7200000|100%| O|  |TAMS 0x00000000a7200000, 0x00000000a7100000| Untracked 
| 114|0x00000000a7200000, 0x00000000a7300000, 0x00000000a7300000|100%| O|  |TAMS 0x00000000a7300000, 0x00000000a7200000| Untracked 
| 115|0x00000000a7300000, 0x00000000a7400000, 0x00000000a7400000|100%| O|  |TAMS 0x00000000a7400000, 0x00000000a7300000| Untracked 
| 116|0x00000000a7400000, 0x00000000a7500000, 0x00000000a7500000|100%| O|  |TAMS 0x00000000a7500000, 0x00000000a7400000| Untracked 
| 117|0x00000000a7500000, 0x00000000a7600000, 0x00000000a7600000|100%| O|  |TAMS 0x00000000a7600000, 0x00000000a7500000| Untracked 
| 118|0x00000000a7600000, 0x00000000a766b000, 0x00000000a7700000| 41%| O|  |TAMS 0x00000000a766b000, 0x00000000a7600000| Untracked 
| 119|0x00000000a7700000, 0x00000000a7700000, 0x00000000a7800000|  0%| F|  |TAMS 0x00000000a7700000, 0x00000000a7700000| Untracked 
| 120|0x00000000a7800000, 0x00000000a7800000, 0x00000000a7900000|  0%| F|  |TAMS 0x00000000a7800000, 0x00000000a7800000| Untracked 
| 121|0x00000000a7900000, 0x00000000a7900000, 0x00000000a7a00000|  0%| F|  |TAMS 0x00000000a7900000, 0x00000000a7900000| Untracked 
| 122|0x00000000a7a00000, 0x00000000a7a00000, 0x00000000a7b00000|  0%| F|  |TAMS 0x00000000a7a00000, 0x00000000a7a00000| Untracked 
| 123|0x00000000a7b00000, 0x00000000a7b00000, 0x00000000a7c00000|  0%| F|  |TAMS 0x00000000a7b00000, 0x00000000a7b00000| Untracked 
| 124|0x00000000a7c00000, 0x00000000a7c00000, 0x00000000a7d00000|  0%| F|  |TAMS 0x00000000a7c00000, 0x00000000a7c00000| Untracked 
| 125|0x00000000a7d00000, 0x00000000a7d00000, 0x00000000a7e00000|  0%| F|  |TAMS 0x00000000a7d00000, 0x00000000a7d00000| Untracked 
| 126|0x00000000a7e00000, 0x00000000a7e00000, 0x00000000a7f00000|  0%| F|  |TAMS 0x00000000a7e00000, 0x00000000a7e00000| Untracked 
| 127|0x00000000a7f00000, 0x00000000a7f00000, 0x00000000a8000000|  0%| F|  |TAMS 0x00000000a7f00000, 0x00000000a7f00000| Untracked 
| 128|0x00000000a8000000, 0x00000000a8000000, 0x00000000a8100000|  0%| F|  |TAMS 0x00000000a8000000, 0x00000000a8000000| Untracked 
| 129|0x00000000a8100000, 0x00000000a8100000, 0x00000000a8200000|  0%| F|  |TAMS 0x00000000a8100000, 0x00000000a8100000| Untracked 
| 130|0x00000000a8200000, 0x00000000a8200000, 0x00000000a8300000|  0%| F|  |TAMS 0x00000000a8200000, 0x00000000a8200000| Untracked 
| 131|0x00000000a8300000, 0x00000000a8300000, 0x00000000a8400000|  0%| F|  |TAMS 0x00000000a8300000, 0x00000000a8300000| Untracked 
| 132|0x00000000a8400000, 0x00000000a8400000, 0x00000000a8500000|  0%| F|  |TAMS 0x00000000a8400000, 0x00000000a8400000| Untracked 
| 133|0x00000000a8500000, 0x00000000a8500000, 0x00000000a8600000|  0%| F|  |TAMS 0x00000000a8500000, 0x00000000a8500000| Untracked 
| 134|0x00000000a8600000, 0x00000000a8600000, 0x00000000a8700000|  0%| F|  |TAMS 0x00000000a8600000, 0x00000000a8600000| Untracked 
| 135|0x00000000a8700000, 0x00000000a8700000, 0x00000000a8800000|  0%| F|  |TAMS 0x00000000a8700000, 0x00000000a8700000| Untracked 
| 136|0x00000000a8800000, 0x00000000a8800000, 0x00000000a8900000|  0%| F|  |TAMS 0x00000000a8800000, 0x00000000a8800000| Untracked 
| 137|0x00000000a8900000, 0x00000000a8900000, 0x00000000a8a00000|  0%| F|  |TAMS 0x00000000a8900000, 0x00000000a8900000| Untracked 
| 138|0x00000000a8a00000, 0x00000000a8a00000, 0x00000000a8b00000|  0%| F|  |TAMS 0x00000000a8a00000, 0x00000000a8a00000| Untracked 
| 139|0x00000000a8b00000, 0x00000000a8b00000, 0x00000000a8c00000|  0%| F|  |TAMS 0x00000000a8b00000, 0x00000000a8b00000| Untracked 
| 140|0x00000000a8c00000, 0x00000000a8c00000, 0x00000000a8d00000|  0%| F|  |TAMS 0x00000000a8c00000, 0x00000000a8c00000| Untracked 
| 141|0x00000000a8d00000, 0x00000000a8d00000, 0x00000000a8e00000|  0%| F|  |TAMS 0x00000000a8d00000, 0x00000000a8d00000| Untracked 
| 142|0x00000000a8e00000, 0x00000000a8e00000, 0x00000000a8f00000|  0%| F|  |TAMS 0x00000000a8e00000, 0x00000000a8e00000| Untracked 
| 143|0x00000000a8f00000, 0x00000000a8f00000, 0x00000000a9000000|  0%| F|  |TAMS 0x00000000a8f00000, 0x00000000a8f00000| Untracked 
| 144|0x00000000a9000000, 0x00000000a9000000, 0x00000000a9100000|  0%| F|  |TAMS 0x00000000a9000000, 0x00000000a9000000| Untracked 
| 145|0x00000000a9100000, 0x00000000a9100000, 0x00000000a9200000|  0%| F|  |TAMS 0x00000000a9100000, 0x00000000a9100000| Untracked 
| 146|0x00000000a9200000, 0x00000000a9200000, 0x00000000a9300000|  0%| F|  |TAMS 0x00000000a9200000, 0x00000000a9200000| Untracked 
| 147|0x00000000a9300000, 0x00000000a9342000, 0x00000000a9400000| 25%| S|CS|TAMS 0x00000000a9300000, 0x00000000a9300000| Complete 
| 148|0x00000000a9400000, 0x00000000a9500000, 0x00000000a9500000|100%| S|CS|TAMS 0x00000000a9400000, 0x00000000a9400000| Complete 
| 149|0x00000000a9500000, 0x00000000a9600000, 0x00000000a9600000|100%| S|CS|TAMS 0x00000000a9500000, 0x00000000a9500000| Complete 
| 150|0x00000000a9600000, 0x00000000a9700000, 0x00000000a9700000|100%| S|CS|TAMS 0x00000000a9600000, 0x00000000a9600000| Complete 
| 151|0x00000000a9700000, 0x00000000a9800000, 0x00000000a9800000|100%| S|CS|TAMS 0x00000000a9700000, 0x00000000a9700000| Complete 
| 152|0x00000000a9800000, 0x00000000a9900000, 0x00000000a9900000|100%| S|CS|TAMS 0x00000000a9800000, 0x00000000a9800000| Complete 
| 153|0x00000000a9900000, 0x00000000a9900000, 0x00000000a9a00000|  0%| F|  |TAMS 0x00000000a9900000, 0x00000000a9900000| Untracked 
| 154|0x00000000a9a00000, 0x00000000a9a00000, 0x00000000a9b00000|  0%| F|  |TAMS 0x00000000a9a00000, 0x00000000a9a00000| Untracked 
| 155|0x00000000a9b00000, 0x00000000a9b00000, 0x00000000a9c00000|  0%| F|  |TAMS 0x00000000a9b00000, 0x00000000a9b00000| Untracked 
| 156|0x00000000a9c00000, 0x00000000a9c00000, 0x00000000a9d00000|  0%| F|  |TAMS 0x00000000a9c00000, 0x00000000a9c00000| Untracked 
| 157|0x00000000a9d00000, 0x00000000a9d00000, 0x00000000a9e00000|  0%| F|  |TAMS 0x00000000a9d00000, 0x00000000a9d00000| Untracked 
| 158|0x00000000a9e00000, 0x00000000a9e00000, 0x00000000a9f00000|  0%| F|  |TAMS 0x00000000a9e00000, 0x00000000a9e00000| Untracked 
| 159|0x00000000a9f00000, 0x00000000a9f00000, 0x00000000aa000000|  0%| F|  |TAMS 0x00000000a9f00000, 0x00000000a9f00000| Untracked 
| 160|0x00000000aa000000, 0x00000000aa000000, 0x00000000aa100000|  0%| F|  |TAMS 0x00000000aa000000, 0x00000000aa000000| Untracked 
| 161|0x00000000aa100000, 0x00000000aa100000, 0x00000000aa200000|  0%| F|  |TAMS 0x00000000aa100000, 0x00000000aa100000| Untracked 
| 162|0x00000000aa200000, 0x00000000aa200000, 0x00000000aa300000|  0%| F|  |TAMS 0x00000000aa200000, 0x00000000aa200000| Untracked 
| 163|0x00000000aa300000, 0x00000000aa300000, 0x00000000aa400000|  0%| F|  |TAMS 0x00000000aa300000, 0x00000000aa300000| Untracked 
| 164|0x00000000aa400000, 0x00000000aa400000, 0x00000000aa500000|  0%| F|  |TAMS 0x00000000aa400000, 0x00000000aa400000| Untracked 
| 165|0x00000000aa500000, 0x00000000aa500000, 0x00000000aa600000|  0%| F|  |TAMS 0x00000000aa500000, 0x00000000aa500000| Untracked 
| 166|0x00000000aa600000, 0x00000000aa600000, 0x00000000aa700000|  0%| F|  |TAMS 0x00000000aa600000, 0x00000000aa600000| Untracked 
| 167|0x00000000aa700000, 0x00000000aa700000, 0x00000000aa800000|  0%| F|  |TAMS 0x00000000aa700000, 0x00000000aa700000| Untracked 
| 168|0x00000000aa800000, 0x00000000aa800000, 0x00000000aa900000|  0%| F|  |TAMS 0x00000000aa800000, 0x00000000aa800000| Untracked 
| 169|0x00000000aa900000, 0x00000000aa9d6018, 0x00000000aaa00000| 83%| E|  |TAMS 0x00000000aa900000, 0x00000000aa900000| Complete 
| 170|0x00000000aaa00000, 0x00000000aab00000, 0x00000000aab00000|100%| E|CS|TAMS 0x00000000aaa00000, 0x00000000aaa00000| Complete 
| 171|0x00000000aab00000, 0x00000000aac00000, 0x00000000aac00000|100%| E|CS|TAMS 0x00000000aab00000, 0x00000000aab00000| Complete 
| 172|0x00000000aac00000, 0x00000000aad00000, 0x00000000aad00000|100%| E|CS|TAMS 0x00000000aac00000, 0x00000000aac00000| Complete 
| 173|0x00000000aad00000, 0x00000000aae00000, 0x00000000aae00000|100%| E|CS|TAMS 0x00000000aad00000, 0x00000000aad00000| Complete 
| 174|0x00000000aae00000, 0x00000000aaf00000, 0x00000000aaf00000|100%| E|CS|TAMS 0x00000000aae00000, 0x00000000aae00000| Complete 
| 175|0x00000000aaf00000, 0x00000000ab000000, 0x00000000ab000000|100%| E|CS|TAMS 0x00000000aaf00000, 0x00000000aaf00000| Complete 
| 176|0x00000000ab000000, 0x00000000ab100000, 0x00000000ab100000|100%| E|CS|TAMS 0x00000000ab000000, 0x00000000ab000000| Complete 
| 177|0x00000000ab100000, 0x00000000ab200000, 0x00000000ab200000|100%| E|CS|TAMS 0x00000000ab100000, 0x00000000ab100000| Complete 
| 178|0x00000000ab200000, 0x00000000ab300000, 0x00000000ab300000|100%| E|CS|TAMS 0x00000000ab200000, 0x00000000ab200000| Complete 
| 179|0x00000000ab300000, 0x00000000ab400000, 0x00000000ab400000|100%| E|CS|TAMS 0x00000000ab300000, 0x00000000ab300000| Complete 
| 180|0x00000000ab400000, 0x00000000ab500000, 0x00000000ab500000|100%| E|CS|TAMS 0x00000000ab400000, 0x00000000ab400000| Complete 
| 181|0x00000000ab500000, 0x00000000ab600000, 0x00000000ab600000|100%| E|CS|TAMS 0x00000000ab500000, 0x00000000ab500000| Complete 
| 182|0x00000000ab600000, 0x00000000ab700000, 0x00000000ab700000|100%| E|CS|TAMS 0x00000000ab600000, 0x00000000ab600000| Complete 
| 183|0x00000000ab700000, 0x00000000ab800000, 0x00000000ab800000|100%| E|CS|TAMS 0x00000000ab700000, 0x00000000ab700000| Complete 
| 184|0x00000000ab800000, 0x00000000ab900000, 0x00000000ab900000|100%| E|CS|TAMS 0x00000000ab800000, 0x00000000ab800000| Complete 
| 185|0x00000000ab900000, 0x00000000aba00000, 0x00000000aba00000|100%| E|CS|TAMS 0x00000000ab900000, 0x00000000ab900000| Complete 
| 186|0x00000000aba00000, 0x00000000abb00000, 0x00000000abb00000|100%| E|CS|TAMS 0x00000000aba00000, 0x00000000aba00000| Complete 
| 187|0x00000000abb00000, 0x00000000abc00000, 0x00000000abc00000|100%| E|CS|TAMS 0x00000000abb00000, 0x00000000abb00000| Complete 
| 188|0x00000000abc00000, 0x00000000abd00000, 0x00000000abd00000|100%| E|CS|TAMS 0x00000000abc00000, 0x00000000abc00000| Complete 
| 189|0x00000000abd00000, 0x00000000abe00000, 0x00000000abe00000|100%| E|CS|TAMS 0x00000000abd00000, 0x00000000abd00000| Complete 
| 190|0x00000000abe00000, 0x00000000abf00000, 0x00000000abf00000|100%| E|CS|TAMS 0x00000000abe00000, 0x00000000abe00000| Complete 
| 191|0x00000000abf00000, 0x00000000ac000000, 0x00000000ac000000|100%| E|CS|TAMS 0x00000000abf00000, 0x00000000abf00000| Complete 

Card table byte_map: [0x00000184a8280000,0x00000184a8580000] _byte_map_base: 0x00000184a7d80000

Marking Bits (Prev, Next): (CMBitMap*) 0x00000184954a81e0, (CMBitMap*) 0x00000184954a81a8
 Prev Bits: [0x00000184aa080000, 0x00000184ab880000)
 Next Bits: [0x00000184a8880000, 0x00000184aa080000)

Polling page: 0x0000018494c50000

Metaspace:

Usage:
  Non-class:     79.44 MB capacity,    77.01 MB ( 97%) used,     2.16 MB (  3%) free+waste,   275.88 KB ( <1%) overhead. 
      Class:     12.85 MB capacity,    11.73 MB ( 91%) used,  1022.05 KB (  8%) free+waste,   129.13 KB ( <1%) overhead. 
       Both:     92.29 MB capacity,    88.73 MB ( 96%) used,     3.16 MB (  3%) free+waste,   405.00 KB ( <1%) overhead. 

Virtual space:
  Non-class space:       80.00 MB reserved,      79.50 MB (>99%) committed 
      Class space:        1.00 GB reserved,      12.88 MB (  1%) committed 
             Both:        1.08 GB reserved,      92.38 MB (  8%) committed 

Chunk freelists:
   Non-Class:  2.00 KB
       Class:  0 bytes
        Both:  2.00 KB

MaxMetaspaceSize: 17179869184.00 GB
CompressedClassSpaceSize: 1.00 GB
Initial GC threshold: 20.80 MB
Current GC threshold: 151.25 MB
CDS: off

CodeHeap 'non-profiled nmethods': size=120064Kb used=7965Kb max_used=7965Kb free=112098Kb
 bounds [0x00000184a0a40000, 0x00000184a1210000, 0x00000184a7f80000]
CodeHeap 'profiled nmethods': size=120000Kb used=25552Kb max_used=25552Kb free=94447Kb
 bounds [0x0000018499510000, 0x000001849ae10000, 0x00000184a0a40000]
CodeHeap 'non-nmethods': size=5696Kb used=2373Kb max_used=2417Kb free=3322Kb
 bounds [0x0000018498f80000, 0x0000018499200000, 0x0000018499510000]
 total_blobs=12402 nmethods=11514 adapters=800
 compilation: enabled
              stopped_count=0, restarted_count=0
 full_count=0

Compilation events (20 events):
Event: 128.638 Thread 0x00000184ae605000 nmethod 11601 0x00000184a1206890 code [0x00000184a1206a40, 0x00000184a1206af8]
Event: 131.655 Thread 0x00000184ae605000 11602       1       java.lang.management.DefaultPlatformMBeanProvider$10::mbeanInterfaceNames (5 bytes)
Event: 131.655 Thread 0x00000184ae605000 nmethod 11602 0x00000184a1206b90 code [0x00000184a1206d40, 0x00000184a1206df8]
Event: 131.655 Thread 0x00000184ae605000 11603       1       com.sun.management.internal.PlatformMBeanProviderImpl$4::mbeanInterfaceNames (5 bytes)
Event: 131.655 Thread 0x00000184ae605000 nmethod 11603 0x00000184a1206e90 code [0x00000184a1207040, 0x00000184a12070f8]
Event: 132.637 Thread 0x00000184ae605000 11604       3       java.lang.management.ManagementFactory$PlatformMBeanFinder::getMap (4 bytes)
Event: 132.637 Thread 0x00000184ae605000 nmethod 11604 0x000001849ae01a10 code [0x000001849ae01bc0, 0x000001849ae01cb8]
Event: 133.638 Thread 0x00000184ae605000 11605       3       java.util.concurrent.ScheduledThreadPoolExecutor$ScheduledFutureTask::getDelay (16 bytes)
Event: 133.638 Thread 0x00000184ae605000 nmethod 11605 0x000001849ae01d10 code [0x000001849ae01ee0, 0x000001849ae02068]
Event: 133.655 Thread 0x00000184ae605000 11606   !   3       java.util.concurrent.LinkedBlockingDeque$AbstractItr::next (100 bytes)
Event: 133.657 Thread 0x00000184ae605000 nmethod 11606 0x000001849ae02110 code [0x000001849ae023c0, 0x000001849ae031d8]
Event: 133.657 Thread 0x00000184ae605000 11607       3       java.util.concurrent.LinkedBlockingDeque$Itr::nextNode (5 bytes)
Event: 133.657 Thread 0x00000184ae605000 nmethod 11607 0x000001849ae03710 code [0x000001849ae038c0, 0x000001849ae039b8]
Event: 133.663 Thread 0x00000184ae605000 11608       1       org.gradle.launcher.daemon.server.expiry.DaemonExpirationResult::getStatus (5 bytes)
Event: 133.663 Thread 0x00000184ae605000 nmethod 11608 0x00000184a1207190 code [0x00000184a1207340, 0x00000184a12073f8]
Event: 133.666 Thread 0x00000184ae605000 11609       3       java.io.File::getParentFile (41 bytes)
Event: 133.667 Thread 0x00000184ae605000 nmethod 11609 0x000001849ae03a90 code [0x000001849ae03c80, 0x000001849ae040d8]
Event: 139.648 Thread 0x00000184ae605000 11610       1       org.gradle.launcher.daemon.server.health.gc.GarbageCollectionEvent::getCount (5 bytes)
Event: 139.648 Thread 0x00000184ae605000 nmethod 11610 0x00000184a1207490 code [0x00000184a1207640, 0x00000184a12076f8]
Event: 140.647 Thread 0x00000184ae603800 11611       4       javax.management.ObjectName::construct (1135 bytes)

GC Heap History (20 events):
Event: 55.660 GC heap before
{Heap before GC invocations=11 (full 0):
 garbage-first heap   total 196608K, used 123161K [0x00000000a0000000, 0x0000000100000000)
  region size 1024K, 88 young (90112K), 15 survivors (15360K)
 Metaspace       used 58593K, capacity 60102K, committed 60160K, reserved 1101824K
  class space    used 7438K, capacity 8015K, committed 8064K, reserved 1048576K
}
Event: 55.694 GC heap after
{Heap after GC invocations=12 (full 0):
 garbage-first heap   total 196608K, used 54067K [0x00000000a0000000, 0x0000000100000000)
  region size 1024K, 4 young (4096K), 4 survivors (4096K)
 Metaspace       used 58593K, capacity 60102K, committed 60160K, reserved 1101824K
  class space    used 7438K, capacity 8015K, committed 8064K, reserved 1048576K
}
Event: 60.863 GC heap before
{Heap before GC invocations=13 (full 0):
 garbage-first heap   total 196608K, used 139059K [0x00000000a0000000, 0x0000000100000000)
  region size 1024K, 87 young (89088K), 4 survivors (4096K)
 Metaspace       used 64643K, capacity 66164K, committed 66432K, reserved 1107968K
  class space    used 8209K, capacity 8764K, committed 8832K, reserved 1048576K
}
Event: 60.883 GC heap after
{Heap after GC invocations=14 (full 0):
 garbage-first heap   total 196608K, used 59445K [0x00000000a0000000, 0x0000000100000000)
  region size 1024K, 9 young (9216K), 9 survivors (9216K)
 Metaspace       used 64643K, capacity 66164K, committed 66432K, reserved 1107968K
  class space    used 8209K, capacity 8764K, committed 8832K, reserved 1048576K
}
Event: 67.375 GC heap before
{Heap before GC invocations=14 (full 0):
 garbage-first heap   total 196608K, used 146485K [0x00000000a0000000, 0x0000000100000000)
  region size 1024K, 92 young (94208K), 9 survivors (9216K)
 Metaspace       used 68092K, capacity 69885K, committed 70016K, reserved 1110016K
  class space    used 8641K, capacity 9306K, committed 9344K, reserved 1048576K
}
Event: 67.404 GC heap after
{Heap after GC invocations=15 (full 0):
 garbage-first heap   total 196608K, used 70176K [0x00000000a0000000, 0x0000000100000000)
  region size 1024K, 8 young (8192K), 8 survivors (8192K)
 Metaspace       used 68092K, capacity 69885K, committed 70016K, reserved 1110016K
  class space    used 8641K, capacity 9306K, committed 9344K, reserved 1048576K
}
Event: 72.380 GC heap before
{Heap before GC invocations=15 (full 0):
 garbage-first heap   total 196608K, used 150048K [0x00000000a0000000, 0x0000000100000000)
  region size 1024K, 86 young (88064K), 8 survivors (8192K)
 Metaspace       used 71838K, capacity 73844K, committed 73984K, reserved 1114112K
  class space    used 9222K, capacity 9903K, committed 9984K, reserved 1048576K
}
Event: 72.409 GC heap after
{Heap after GC invocations=16 (full 0):
 garbage-first heap   total 196608K, used 75075K [0x00000000a0000000, 0x0000000100000000)
  region size 1024K, 6 young (6144K), 6 survivors (6144K)
 Metaspace       used 71838K, capacity 73844K, committed 73984K, reserved 1114112K
  class space    used 9222K, capacity 9903K, committed 9984K, reserved 1048576K
}
Event: 77.148 GC heap before
{Heap before GC invocations=16 (full 0):
 garbage-first heap   total 196608K, used 152899K [0x00000000a0000000, 0x0000000100000000)
  region size 1024K, 82 young (83968K), 6 survivors (6144K)
 Metaspace       used 75921K, capacity 78034K, committed 78336K, reserved 1116160K
  class space    used 9892K, capacity 10653K, committed 10752K, reserved 1048576K
}
Event: 77.173 GC heap after
{Heap after GC invocations=17 (full 0):
 garbage-first heap   total 196608K, used 81180K [0x00000000a0000000, 0x0000000100000000)
  region size 1024K, 11 young (11264K), 11 survivors (11264K)
 Metaspace       used 75921K, capacity 78034K, committed 78336K, reserved 1116160K
  class space    used 9892K, capacity 10653K, committed 10752K, reserved 1048576K
}
Event: 89.313 GC heap before
{Heap before GC invocations=17 (full 0):
 garbage-first heap   total 196608K, used 156956K [0x00000000a0000000, 0x0000000100000000)
  region size 1024K, 84 young (86016K), 11 survivors (11264K)
 Metaspace       used 79139K, capacity 81737K, committed 81920K, reserved 1120256K
  class space    used 10343K, capacity 11255K, committed 11264K, reserved 1048576K
}
Event: 89.357 GC heap after
{Heap after GC invocations=18 (full 0):
 garbage-first heap   total 196608K, used 93333K [0x00000000a0000000, 0x0000000100000000)
  region size 1024K, 10 young (10240K), 10 survivors (10240K)
 Metaspace       used 79139K, capacity 81737K, committed 81920K, reserved 1120256K
  class space    used 10343K, capacity 11255K, committed 11264K, reserved 1048576K
}
Event: 98.197 GC heap before
{Heap before GC invocations=18 (full 0):
 garbage-first heap   total 196608K, used 158869K [0x00000000a0000000, 0x0000000100000000)
  region size 1024K, 72 young (73728K), 10 survivors (10240K)
 Metaspace       used 80441K, capacity 83700K, committed 83840K, reserved 1122304K
  class space    used 10513K, capacity 11543K, committed 11648K, reserved 1048576K
}
Event: 98.239 GC heap after
{Heap after GC invocations=19 (full 0):
 garbage-first heap   total 196608K, used 109991K [0x00000000a0000000, 0x0000000100000000)
  region size 1024K, 9 young (9216K), 9 survivors (9216K)
 Metaspace       used 80441K, capacity 83700K, committed 83840K, reserved 1122304K
  class space    used 10513K, capacity 11543K, committed 11648K, reserved 1048576K
}
Event: 100.643 GC heap before
{Heap before GC invocations=19 (full 0):
 garbage-first heap   total 196608K, used 157095K [0x00000000a0000000, 0x0000000100000000)
  region size 1024K, 55 young (56320K), 9 survivors (9216K)
 Metaspace       used 84134K, capacity 87437K, committed 87680K, reserved 1124352K
  class space    used 11066K, capacity 12097K, committed 12160K, reserved 1048576K
}
Event: 100.671 GC heap after
{Heap after GC invocations=20 (full 0):
 garbage-first heap   total 196608K, used 113260K [0x00000000a0000000, 0x0000000100000000)
  region size 1024K, 3 young (3072K), 3 survivors (3072K)
 Metaspace       used 84134K, capacity 87437K, committed 87680K, reserved 1124352K
  class space    used 11066K, capacity 12097K, committed 12160K, reserved 1048576K
}
Event: 104.061 GC heap before
{Heap before GC invocations=21 (full 0):
 garbage-first heap   total 196608K, used 159340K [0x00000000a0000000, 0x0000000100000000)
  region size 1024K, 48 young (49152K), 3 survivors (3072K)
 Metaspace       used 87457K, capacity 90791K, committed 90880K, reserved 1128448K
  class space    used 11444K, capacity 12486K, committed 12544K, reserved 1048576K
}
Event: 104.089 GC heap after
{Heap after GC invocations=22 (full 0):
 garbage-first heap   total 196608K, used 120832K [0x00000000a0000000, 0x0000000100000000)
  region size 1024K, 6 young (6144K), 6 survivors (6144K)
 Metaspace       used 87457K, capacity 90791K, committed 90880K, reserved 1128448K
  class space    used 11444K, capacity 12486K, committed 12544K, reserved 1048576K
}
Event: 105.737 GC heap before
{Heap before GC invocations=22 (full 0):
 garbage-first heap   total 196608K, used 160768K [0x00000000a0000000, 0x0000000100000000)
  region size 1024K, 45 young (46080K), 6 survivors (6144K)
 Metaspace       used 88977K, capacity 92460K, committed 92672K, reserved 1128448K
  class space    used 11646K, capacity 12685K, committed 12800K, reserved 1048576K
}
Event: 105.766 GC heap after
{Heap after GC invocations=23 (full 0):
 garbage-first heap   total 196608K, used 126644K [0x00000000a0000000, 0x0000000100000000)
  region size 1024K, 6 young (6144K), 6 survivors (6144K)
 Metaspace       used 88977K, capacity 92460K, committed 92672K, reserved 1128448K
  class space    used 11646K, capacity 12685K, committed 12800K, reserved 1048576K
}

Deoptimization events (20 events):
Event: 107.259 Thread 0x00000184b439e000 Uncommon trap: trap_request=0xffffffc6 fr.pc=0x00000184a0fd7388 relative=0x0000000000000128
Event: 107.259 Thread 0x00000184b439e000 Uncommon trap: reason=bimorphic_or_optimized_type_check action=maybe_recompile pc=0x00000184a0fd7388 method=com.google.common.collect.ImmutableList$1.get(I)Ljava/lang/Object; @ 5 c2
Event: 107.259 Thread 0x00000184b439e000 DEOPT PACKING pc=0x00000184a0fd7388 sp=0x00000010f81fcf70
Event: 107.259 Thread 0x00000184b439e000 DEOPT UNPACKING pc=0x0000018498fca1af sp=0x00000010f81fcef8 mode 2
Event: 107.265 Thread 0x00000184b439e000 Uncommon trap: trap_request=0xffffff4d fr.pc=0x00000184a0d3a160 relative=0x00000000000001a0
Event: 107.265 Thread 0x00000184b439e000 Uncommon trap: reason=unstable_if action=reinterpret pc=0x00000184a0d3a160 method=org.gradle.internal.snapshot.PathUtil.equalChars(CCLorg/gradle/internal/snapshot/CaseSensitivity;)Z @ 11 c2
Event: 107.265 Thread 0x00000184b439e000 DEOPT PACKING pc=0x00000184a0d3a160 sp=0x00000010f81fb7f0
Event: 107.265 Thread 0x00000184b439e000 DEOPT UNPACKING pc=0x0000018498fca1af sp=0x00000010f81fb788 mode 2
Event: 107.326 Thread 0x00000184b439e000 Uncommon trap: trap_request=0xffffffc6 fr.pc=0x00000184a0fd7388 relative=0x0000000000000128
Event: 107.326 Thread 0x00000184b439e000 Uncommon trap: reason=bimorphic_or_optimized_type_check action=maybe_recompile pc=0x00000184a0fd7388 method=com.google.common.collect.ImmutableList$1.get(I)Ljava/lang/Object; @ 5 c2
Event: 107.326 Thread 0x00000184b439e000 DEOPT PACKING pc=0x00000184a0fd7388 sp=0x00000010f81fcc10
Event: 107.326 Thread 0x00000184b439e000 DEOPT UNPACKING pc=0x0000018498fca1af sp=0x00000010f81fcb98 mode 2
Event: 107.326 Thread 0x00000184b439e000 Uncommon trap: trap_request=0xffffffc6 fr.pc=0x00000184a0fd7388 relative=0x0000000000000128
Event: 107.326 Thread 0x00000184b439e000 Uncommon trap: reason=bimorphic_or_optimized_type_check action=maybe_recompile pc=0x00000184a0fd7388 method=com.google.common.collect.ImmutableList$1.get(I)Ljava/lang/Object; @ 5 c2
Event: 107.326 Thread 0x00000184b439e000 DEOPT PACKING pc=0x00000184a0fd7388 sp=0x00000010f81fcc10
Event: 107.326 Thread 0x00000184b439e000 DEOPT UNPACKING pc=0x0000018498fca1af sp=0x00000010f81fcb98 mode 2
Event: 107.434 Thread 0x00000184b439e000 Uncommon trap: trap_request=0xffffff4d fr.pc=0x00000184a11d8e04 relative=0x0000000000000064
Event: 107.434 Thread 0x00000184b439e000 Uncommon trap: reason=unstable_if action=reinterpret pc=0x00000184a11d8e04 method=org.gradle.api.internal.AbstractTask.notifyProjectAccess()V @ 7 c2
Event: 107.434 Thread 0x00000184b439e000 DEOPT PACKING pc=0x00000184a11d8e04 sp=0x00000010f81fa710
Event: 107.435 Thread 0x00000184b439e000 DEOPT UNPACKING pc=0x0000018498fca1af sp=0x00000010f81fa5f0 mode 2

Classes redefined (0 events):
No events

Internal exceptions (20 events):
Event: 107.535 Thread 0x00000184b439e000 Exception <a 'java/lang/ClassNotFoundException'{0x00000000aaedc170}: org/gradle/process/internal/DefaultExecActionBeanInfo> (0x00000000aaedc170) thrown at [./src/hotspot/share/classfile/systemDictionary.cpp, line 231]
Event: 107.537 Thread 0x00000184b439e000 Exception <a 'java/lang/ClassNotFoundException'{0x00000000aad0e650}: org/gradle/process/internal/DefaultExecHandleBuilderBeanInfo> (0x00000000aad0e650) thrown at [./src/hotspot/share/classfile/systemDictionary.cpp, line 231]
Event: 107.539 Thread 0x00000184b439e000 Exception <a 'java/lang/ClassNotFoundException'{0x00000000aad40cc8}: org/gradle/process/internal/AbstractExecHandleBuilderBeanInfo> (0x00000000aad40cc8) thrown at [./src/hotspot/share/classfile/systemDictionary.cpp, line 231]
Event: 107.542 Thread 0x00000184b439e000 Exception <a 'java/lang/ClassNotFoundException'{0x00000000aad73b38}: org/gradle/process/internal/DefaultProcessForkOptionsBeanInfo> (0x00000000aad73b38) thrown at [./src/hotspot/share/classfile/systemDictionary.cpp, line 231]
Event: 107.545 Thread 0x00000184b439e000 Exception <a 'java/lang/ClassNotFoundException'{0x00000000aada6da8}: org/gradle/process/internal/DefaultProcessForkOptionsCustomizer> (0x00000000aada6da8) thrown at [./src/hotspot/share/classfile/systemDictionary.cpp, line 231]
Event: 107.552 Thread 0x00000184b439e000 Exception <a 'java/lang/ClassNotFoundException'{0x00000000aade6e00}: org/gradle/process/internal/AbstractExecHandleBuilderCustomizer> (0x00000000aade6e00) thrown at [./src/hotspot/share/classfile/systemDictionary.cpp, line 231]
Event: 107.557 Thread 0x00000184b439e000 Exception <a 'java/lang/ClassNotFoundException'{0x00000000aac2b4e0}: org/gradle/process/internal/DefaultExecHandleBuilderCustomizer> (0x00000000aac2b4e0) thrown at [./src/hotspot/share/classfile/systemDictionary.cpp, line 231]
Event: 107.561 Thread 0x00000184b439e000 Exception <a 'java/lang/ClassNotFoundException'{0x00000000aac87378}: org/gradle/process/internal/DefaultExecActionCustomizer> (0x00000000aac87378) thrown at [./src/hotspot/share/classfile/systemDictionary.cpp, line 231]
Event: 107.564 Thread 0x00000184b439e000 Exception <a 'java/lang/ClassNotFoundException'{0x00000000aacc2b60}: org/gradle/process/internal/DefaultExecAction_DecoratedCustomizer> (0x00000000aacc2b60) thrown at [./src/hotspot/share/classfile/systemDictionary.cpp, line 231]
Event: 107.571 Thread 0x00000184b439e000 Exception <a 'java/lang/ClassNotFoundException'{0x00000000aab1bda8}: org/gradle/api/logging/LogLevelBeanInfo> (0x00000000aab1bda8) thrown at [./src/hotspot/share/classfile/systemDictionary.cpp, line 231]
Event: 107.574 Thread 0x00000184b439e000 Exception <a 'java/lang/ClassNotFoundException'{0x00000000aab455e8}: org/gradle/api/logging/LogLevelCustomizer> (0x00000000aab455e8) thrown at [./src/hotspot/share/classfile/systemDictionary.cpp, line 231]
Event: 107.588 Thread 0x00000184b439e000 Exception <a 'java/lang/ClassNotFoundException'{0x00000000aabb5830}: org/gradle/internal/logging/services/DefaultLoggingManagerBeanInfo> (0x00000000aabb5830) thrown at [./src/hotspot/share/classfile/systemDictionary.cpp, line 231]
Event: 107.590 Thread 0x00000184b439e000 Exception <a 'java/lang/ClassNotFoundException'{0x00000000aabe91a8}: org/gradle/internal/logging/services/DefaultLoggingManagerCustomizer> (0x00000000aabe91a8) thrown at [./src/hotspot/share/classfile/systemDictionary.cpp, line 231]
Event: 107.595 Thread 0x00000184b439e000 Exception <a 'java/lang/ClassNotFoundException'{0x00000000aaa23950}: java/lang/BooleanBeanInfo> (0x00000000aaa23950) thrown at [./src/hotspot/share/classfile/systemDictionary.cpp, line 231]
Event: 107.595 Thread 0x00000184b439e000 Exception <a 'java/lang/ClassNotFoundException'{0x00000000aaa2d638}: java/lang/BooleanCustomizer> (0x00000000aaa2d638) thrown at [./src/hotspot/share/classfile/systemDictionary.cpp, line 231]
Event: 107.847 Thread 0x00000184b43a1800 Exception <a 'java/lang/NoSuchMethodError'{0x00000000aaa91af0}: 'void java.lang.invoke.DirectMethodHandle$Holder.invokeStatic(java.lang.Object, long)'> (0x00000000aaa91af0) thrown at [./src/hotspot/share/interpreter/linkResolver.cpp, line 773]
Event: 107.848 Thread 0x00000184b43a1800 Exception <a 'java/lang/NoSuchMethodError'{0x00000000aaa9a130}: 'java.lang.Object java.lang.invoke.DirectMethodHandle$Holder.invokeStatic(java.lang.Object, long)'> (0x00000000aaa9a130) thrown at [./src/hotspot/share/interpreter/linkResolver.cpp, line 773]
Event: 107.855 Thread 0x00000184b43a1800 Exception <a 'java/lang/NoSuchMethodError'{0x00000000aaaa8fa8}: 'java.lang.Object java.lang.invoke.DirectMethodHandle$Holder.invokeStaticInit(java.lang.Object, java.lang.Object, long, java.lang.Object)'> (0x00000000aaaa8fa8) thrown at [./src/hotspot/share/interpreter/linkResolver.cpp, line 773]
Event: 107.873 Thread 0x00000184b43a1800 Exception <a 'java/lang/NoSuchMethodError'{0x00000000aaaaf0f0}: 'java.lang.Object java.lang.invoke.DirectMethodHandle$Holder.invokeStatic(java.lang.Object, java.lang.Object, long)'> (0x00000000aaaaf0f0) thrown at [./src/hotspot/share/interpreter/linkResolver.cpp, line 773]
Event: 107.875 Thread 0x00000184b43a1800 Exception <a 'java/lang/NoSuchMethodError'{0x00000000aaab53c0}: 'java.lang.Object java.lang.invoke.Invokers$Holder.linkToTargetMethod(java.lang.Object, long, java.lang.Object)'> (0x00000000aaab53c0) thrown at [./src/hotspot/share/interpreter/linkResolver.cpp, line 773]

Events (20 events):
Event: 107.618 loading class org/gradle/internal/operations/CurrentBuildOperationPreservingRunnable done
Event: 107.620 Thread 0x00000184b43a1800 Thread added: 0x00000184b43a1800
Event: 107.620 loading class java/lang/ProcessBuilder
Event: 107.621 loading class java/lang/ProcessBuilder done
Event: 107.622 loading class net/rubygrapefruit/platform/internal/jni/WindowsHandleFunctions
Event: 107.622 loading class net/rubygrapefruit/platform/internal/jni/WindowsHandleFunctions done
Event: 107.623 loading class java/lang/ProcessImpl
Event: 107.624 loading class java/lang/ProcessImpl done
Event: 107.850 loading class java/lang/ProcessHandleImpl
Event: 107.852 loading class java/lang/ProcessHandleImpl done
Event: 107.876 loading class java/lang/ProcessImpl$2
Event: 107.876 loading class java/lang/ProcessImpl$2 done
Event: 107.876 loading class java/lang/Process$PipeInputStream
Event: 107.876 loading class java/lang/Process$PipeInputStream done
Event: 107.876 Executing VM operation: Deoptimize
Event: 107.879 Executing VM operation: Deoptimize done
Event: 107.880 loading class org/gradle/process/internal/streams/ExecOutputHandleRunner
Event: 107.880 loading class org/gradle/process/internal/streams/ExecOutputHandleRunner done
Event: 107.882 Thread 0x00000184b43a2800 Thread added: 0x00000184b43a2800
Event: 107.883 Thread 0x00000184b439c800 Thread added: 0x00000184b439c800


Dynamic libraries:
0x00007ff78de90000 - 0x00007ff78de9a000 	C:\Program Files\Android\Android Studio\jre\bin\java.exe
0x00007fffc0910000 - 0x00007fffc0b08000 	C:\WINDOWS\SYSTEM32\ntdll.dll
0x00007fffbf820000 - 0x00007fffbf8df000 	C:\WINDOWS\System32\KERNEL32.DLL
0x00007fffbe610000 - 0x00007fffbe8e2000 	C:\WINDOWS\System32\KERNELBASE.dll
0x00007fffbe1c0000 - 0x00007fffbe2c0000 	C:\WINDOWS\System32\ucrtbase.dll
0x00007fffb8880000 - 0x00007fffb8899000 	C:\Program Files\Android\Android Studio\jre\bin\jli.dll
0x00007fffbedf0000 - 0x00007fffbef8d000 	C:\WINDOWS\System32\USER32.dll
0x00007fffbe530000 - 0x00007fffbe552000 	C:\WINDOWS\System32\win32u.dll
0x00007fffbedc0000 - 0x00007fffbedeb000 	C:\WINDOWS\System32\GDI32.dll
0x00007fffbe420000 - 0x00007fffbe52f000 	C:\WINDOWS\System32\gdi32full.dll
0x00007fffbe010000 - 0x00007fffbe0ad000 	C:\WINDOWS\System32\msvcp_win.dll
0x00007fffb8860000 - 0x00007fffb8877000 	C:\Program Files\Android\Android Studio\jre\bin\VCRUNTIME140.dll
0x00007fffaf630000 - 0x00007fffaf8ca000 	C:\WINDOWS\WinSxS\amd64_microsoft.windows.common-controls_6595b64144ccf1df_6.0.19041.1110_none_60b5254171f9507e\COMCTL32.dll
0x00007fffbece0000 - 0x00007fffbed7e000 	C:\WINDOWS\System32\msvcrt.dll
0x00007fffbed80000 - 0x00007fffbedb2000 	C:\WINDOWS\System32\IMM32.DLL
0x00007fff94400000 - 0x00007fff9449d000 	C:\Program Files\Android\Android Studio\jre\bin\msvcp140.dll
0x00007fff5b960000 - 0x00007fff5c445000 	C:\Program Files\Android\Android Studio\jre\bin\server\jvm.dll
0x00007fffbef90000 - 0x00007fffbf03e000 	C:\WINDOWS\System32\ADVAPI32.dll
0x00007fffc0360000 - 0x00007fffc03fc000 	C:\WINDOWS\System32\sechost.dll
0x00007fffbf8e0000 - 0x00007fffbfa05000 	C:\WINDOWS\System32\RPCRT4.dll
0x00007fffc0350000 - 0x00007fffc0358000 	C:\WINDOWS\System32\PSAPI.DLL
0x00007fffb09d0000 - 0x00007fffb09d9000 	C:\WINDOWS\SYSTEM32\WSOCK32.dll
0x00007fffc00a0000 - 0x00007fffc010b000 	C:\WINDOWS\System32\WS2_32.dll
0x00007fffaf600000 - 0x00007fffaf627000 	C:\WINDOWS\SYSTEM32\WINMM.dll
0x00007fffb0ec0000 - 0x00007fffb0eca000 	C:\WINDOWS\SYSTEM32\VERSION.dll
0x00007fffbbed0000 - 0x00007fffbbee2000 	C:\WINDOWS\SYSTEM32\kernel.appcore.dll
0x00007fff9ba80000 - 0x00007fff9ba91000 	C:\Program Files\Android\Android Studio\jre\bin\verify.dll
0x00007fffa9540000 - 0x00007fffa9724000 	C:\WINDOWS\SYSTEM32\DBGHELP.DLL
0x00007fffa9510000 - 0x00007fffa953c000 	C:\WINDOWS\SYSTEM32\dbgcore.DLL
0x00007fffbe0b0000 - 0x00007fffbe132000 	C:\WINDOWS\System32\bcryptPrimitives.dll
0x00007fff94310000 - 0x00007fff94339000 	C:\Program Files\Android\Android Studio\jre\bin\java.dll
0x00007fffb0310000 - 0x00007fffb031b000 	C:\Program Files\Android\Android Studio\jre\bin\jimage.dll
0x00007fff942f0000 - 0x00007fff94308000 	C:\Program Files\Android\Android Studio\jre\bin\zip.dll
0x00007fffbf040000 - 0x00007fffbf783000 	C:\WINDOWS\System32\SHELL32.dll
0x00007fffbc0d0000 - 0x00007fffbc862000 	C:\WINDOWS\SYSTEM32\windows.storage.dll
0x00007fffbe960000 - 0x00007fffbecb4000 	C:\WINDOWS\System32\combase.dll
0x00007fffbd990000 - 0x00007fffbd9c0000 	C:\WINDOWS\SYSTEM32\Wldp.dll
0x00007fffc0110000 - 0x00007fffc01bd000 	C:\WINDOWS\System32\SHCORE.dll
0x00007fffc0610000 - 0x00007fffc0665000 	C:\WINDOWS\System32\shlwapi.dll
0x00007fffbdf50000 - 0x00007fffbdf6f000 	C:\WINDOWS\SYSTEM32\profapi.dll
0x00007fff942d0000 - 0x00007fff942ea000 	C:\Program Files\Android\Android Studio\jre\bin\net.dll
0x00007fffb1a60000 - 0x00007fffb1b6c000 	C:\WINDOWS\SYSTEM32\WINHTTP.dll
0x00007fffbd6f0000 - 0x00007fffbd75a000 	C:\WINDOWS\system32\mswsock.dll
0x00007fff942b0000 - 0x00007fff942c4000 	C:\Program Files\Android\Android Studio\jre\bin\nio.dll
0x00007fffb7fb0000 - 0x00007fffb7fd7000 	C:\Users\praty\.gradle\native\e1d6ef7f7dcc3fd88c89a11ec53ec762bb8ba0a96d01ffa2cd45eb1d1d8dd5c5\windows-amd64\native-platform.dll
0x00007fffb0690000 - 0x00007fffb07d4000 	C:\Users\praty\.gradle\native\0d407fdbe67a94daf76414ababcb853783967236a71b16ec16e742cd7a986fd3\windows-amd64\native-platform-file-events.dll
0x00007fff9e2f0000 - 0x00007fff9e2fa000 	C:\Program Files\Android\Android Studio\jre\bin\management.dll
0x00007fff988b0000 - 0x00007fff988bd000 	C:\Program Files\Android\Android Studio\jre\bin\management_ext.dll
0x00007fffbd8e0000 - 0x00007fffbd8f8000 	C:\WINDOWS\SYSTEM32\CRYPTSP.dll
0x00007fffbd010000 - 0x00007fffbd044000 	C:\WINDOWS\system32\rsaenh.dll
0x00007fffbe190000 - 0x00007fffbe1b7000 	C:\WINDOWS\System32\bcrypt.dll
0x00007fffbdf10000 - 0x00007fffbdf3e000 	C:\WINDOWS\SYSTEM32\USERENV.dll
0x00007fffbd900000 - 0x00007fffbd90c000 	C:\WINDOWS\SYSTEM32\CRYPTBASE.dll
0x00007fffbd3e0000 - 0x00007fffbd41b000 	C:\WINDOWS\SYSTEM32\IPHLPAPI.DLL
0x00007fffc0670000 - 0x00007fffc0678000 	C:\WINDOWS\System32\NSI.dll
0x00007fffb19c0000 - 0x00007fffb19d7000 	C:\WINDOWS\SYSTEM32\dhcpcsvc6.DLL
0x00007fffb1db0000 - 0x00007fffb1dcd000 	C:\WINDOWS\SYSTEM32\dhcpcsvc.DLL
0x00007fffbd420000 - 0x00007fffbd4ea000 	C:\WINDOWS\SYSTEM32\DNSAPI.dll

dbghelp: loaded successfully - version: 4.0.5 - missing functions: none
symbol engine: initialized successfully - sym options: 0x614 - pdb path: .;C:\Program Files\Android\Android Studio\jre\bin;C:\WINDOWS\SYSTEM32;C:\WINDOWS\WinSxS\amd64_microsoft.windows.common-controls_6595b64144ccf1df_6.0.19041.1110_none_60b5254171f9507e;C:\Program Files\Android\Android Studio\jre\bin\server;C:\Users\praty\.gradle\native\e1d6ef7f7dcc3fd88c89a11ec53ec762bb8ba0a96d01ffa2cd45eb1d1d8dd5c5\windows-amd64;C:\Users\praty\.gradle\native\0d407fdbe67a94daf76414ababcb853783967236a71b16ec16e742cd7a986fd3\windows-amd64

VM Arguments:
jvm_args: --add-opens=java.base/java.util=ALL-UNNAMED --add-opens=java.base/java.lang=ALL-UNNAMED --add-opens=java.base/java.lang.invoke=ALL-UNNAMED --add-opens=java.base/java.util=ALL-UNNAMED --add-opens=java.prefs/java.util.prefs=ALL-UNNAMED --add-opens=java.prefs/java.util.prefs=ALL-UNNAMED --add-opens=java.base/java.nio.charset=ALL-UNNAMED --add-opens=java.base/java.net=ALL-UNNAMED --add-opens=java.base/java.util.concurrent.atomic=ALL-UNNAMED -Xmx1536M -Dfile.encoding=windows-1252 -Duser.country=US -Duser.language=en -Duser.variant 
java_command: org.gradle.launcher.daemon.bootstrap.GradleDaemon 7.4
java_class_path (initial): C:\Users\praty\.gradle\wrapper\dists\gradle-7.4-all\aadb4xli5jkdsnukm30eibyiu\gradle-7.4\lib\gradle-launcher-7.4.jar
Launcher Type: SUN_STANDARD

[Global flags]
     intx CICompilerCount                          = 3                                         {product} {ergonomic}
     uint ConcGCThreads                            = 1                                         {product} {ergonomic}
     uint G1ConcRefinementThreads                  = 4                                         {product} {ergonomic}
   size_t G1HeapRegionSize                         = 1048576                                   {product} {ergonomic}
    uintx GCDrainStackTargetSize                   = 64                                        {product} {ergonomic}
   size_t InitialHeapSize                          = 201326592                                 {product} {ergonomic}
   size_t MarkStackSize                            = 4194304                                   {product} {ergonomic}
   size_t MaxHeapSize                              = 1610612736                                {product} {command line}
   size_t MaxNewSize                               = 965738496                                 {product} {ergonomic}
   size_t MinHeapDeltaBytes                        = 1048576                                   {product} {ergonomic}
    uintx NonNMethodCodeHeapSize                   = 5830732                                {pd product} {ergonomic}
    uintx NonProfiledCodeHeapSize                  = 122913754                              {pd product} {ergonomic}
    uintx ProfiledCodeHeapSize                     = 122913754                              {pd product} {ergonomic}
    uintx ReservedCodeCacheSize                    = 251658240                              {pd product} {ergonomic}
     bool SegmentedCodeCache                       = true                                      {product} {ergonomic}
     bool UseCompressedClassPointers               = true                                 {lp64_product} {ergonomic}
     bool UseCompressedOops                        = true                                 {lp64_product} {ergonomic}
     bool UseG1GC                                  = true                                      {product} {ergonomic}
     bool UseLargePagesIndividualAllocation        = false                                  {pd product} {ergonomic}

Logging:
Log output configuration:
 #0: stdout all=warning uptime,level,tags
 #1: stderr all=off uptime,level,tags

Environment Variables:
JAVA_HOME=C:\Program Files\Android\Android Studio\jre
CLASSPATH=C:\Users\praty\Desktop\ZAP_Assingment\assingment\android\\gradle\wrapper\gradle-wrapper.jar
PATH=C:\Program Files\Common Files\Oracle\Java\javapath;C:\WINDOWS\system32;C:\WINDOWS;C:\WINDOWS\System32\Wbem;C:\WINDOWS\System32\WindowsPowerShell\v1.0\;C:\WINDOWS\System32\OpenSSH\;C:\Program Files\Git\cmd;C:\Users\praty\AppData\Local\Microsoft\WindowsApps;C:\Users\praty\AppData\Local\Programs\Microsoft VS Code\bin;C:\Users\praty\flutter\bin;;C:\Users\praty\flutter\bin\mingit\cmd
USERNAME=praty
OS=Windows_NT
PROCESSOR_IDENTIFIER=Intel64 Family 6 Model 61 Stepping 4, GenuineIntel



---------------  S Y S T E M  ---------------

OS: Windows 10 , 64 bit Build 19041 (10.0.19041.2251)
OS uptime: 6 days 17:49 hours

CPU:total 4 (initial active 4) (2 cores per cpu, 2 threads per core) family 6 model 61 stepping 4 microcode 0x2d, cmov, cx8, fxsr, mmx, sse, sse2, sse3, ssse3, sse4.1, sse4.2, popcnt, avx, avx2, aes, clmul, erms, 3dnowpref, lzcnt, ht, tsc, tscinvbit, bmi1, bmi2, adx, fma

Memory: 4k page, system-wide physical 12198M (386M free)
TotalPageFile size 14246M (AvailPageFile size 1M)
current process WorkingSet (physical memory assigned to process): 455M, peak: 461M
current process commit charge ("private bytes"): 493M, peak: 499M

vm_info: OpenJDK 64-Bit Server VM (11.0.12+7-b1504.28-7817840) for windows-amd64 JRE (11.0.12+7-b1504.28-7817840), built on Oct 13 2021 22:12:33 by "builder" with MS VC++ 14.0 (VS2015)

END.
